2022-04-01 21:23:13,449 [INFO] com.wedding.ProjectW2Application [restartedMain] Starting ProjectW2Application using Java 11.0.11 on LAPTOP-Pratik with PID 1564 (F:\Project\online_wedding_planner_test\Project_W2\target\classes started by Pratik Suryawanshi in F:\Project\online_wedding_planner_test\Project_W2)
2022-04-01 21:23:13,449 [INFO] com.wedding.ProjectW2Application [restartedMain] No active profile set, falling back to default profiles: default
2022-04-01 21:23:13,769 [INFO] org.springframework.data.repository.config.RepositoryConfigurationDelegate [restartedMain] Bootstrapping Spring Data JPA repositories in DEFAULT mode.
2022-04-01 21:23:13,816 [INFO] org.springframework.data.repository.config.RepositoryConfigurationDelegate [restartedMain] Finished Spring Data repository scanning in 46 ms. Found 8 JPA repository interfaces.
2022-04-01 21:23:13,913 [INFO] org.springframework.context.support.PostProcessorRegistrationDelegate$BeanPostProcessorChecker [restartedMain] Bean 'credentialsProvider' of type [com.amazonaws.auth.AWSCredentialsProviderChain] is not eligible for getting processed by all BeanPostProcessors (for example: not eligible for auto-proxying)
2022-04-01 21:23:13,996 [INFO] org.springframework.boot.web.embedded.tomcat.TomcatWebServer [restartedMain] Tomcat initialized with port(s): 8080 (http)
2022-04-01 21:23:13,997 [INFO] org.apache.catalina.core.StandardService [restartedMain] Starting service [Tomcat]
2022-04-01 21:23:13,998 [INFO] org.apache.catalina.core.StandardEngine [restartedMain] Starting Servlet engine: [Apache Tomcat/9.0.56]
2022-04-01 21:23:14,046 [INFO] org.apache.catalina.core.ContainerBase.[Tomcat-9].[localhost].[/] [restartedMain] Initializing Spring embedded WebApplicationContext
2022-04-01 21:23:14,046 [INFO] org.springframework.boot.web.servlet.context.ServletWebServerApplicationContext [restartedMain] Root WebApplicationContext: initialization completed in 595 ms
2022-04-01 21:23:14,099 [INFO] com.zaxxer.hikari.HikariDataSource [restartedMain] HikariPool-19 - Starting...
2022-04-01 21:23:14,131 [INFO] com.zaxxer.hikari.HikariDataSource [restartedMain] HikariPool-19 - Start completed.
2022-04-01 21:23:14,135 [INFO] org.hibernate.jpa.internal.util.LogHelper [restartedMain] HHH000204: Processing PersistenceUnitInfo [name: default]
2022-04-01 21:23:14,144 [INFO] org.hibernate.dialect.Dialect [restartedMain] HHH000400: Using dialect: org.hibernate.dialect.MySQL8Dialect
2022-04-01 21:23:14,294 [INFO] org.hibernate.engine.transaction.jta.platform.internal.JtaPlatformInitiator [restartedMain] HHH000490: Using JtaPlatform implementation: [org.hibernate.engine.transaction.jta.platform.internal.NoJtaPlatform]
2022-04-01 21:23:14,296 [INFO] org.springframework.orm.jpa.LocalContainerEntityManagerFactoryBean [restartedMain] Initialized JPA EntityManagerFactory for persistence unit 'default'
2022-04-01 21:23:15,090 [INFO] org.springframework.boot.devtools.autoconfigure.OptionalLiveReloadServer [restartedMain] LiveReload server is running on port 35729
2022-04-01 21:23:15,111 [INFO] org.springframework.boot.web.embedded.tomcat.TomcatWebServer [restartedMain] Tomcat started on port(s): 8080 (http) with context path ''
2022-04-01 21:23:15,117 [INFO] com.wedding.ProjectW2Application [restartedMain] Started ProjectW2Application in 1.696 seconds (JVM running for 11412.264)
2022-04-01 21:23:15,118 [INFO] org.springframework.boot.devtools.autoconfigure.ConditionEvaluationDeltaLoggingListener [restartedMain] Condition evaluation unchanged
2022-04-01 21:29:34,202 [INFO] org.springframework.orm.jpa.LocalContainerEntityManagerFactoryBean [Thread-63] Closing JPA EntityManagerFactory for persistence unit 'default'
2022-04-01 21:29:34,203 [INFO] com.zaxxer.hikari.HikariDataSource [Thread-63] HikariPool-19 - Shutdown initiated...
2022-04-01 21:29:34,215 [INFO] com.zaxxer.hikari.HikariDataSource [Thread-63] HikariPool-19 - Shutdown completed.
2022-04-01 21:29:34,510 [INFO] com.wedding.ProjectW2Application [restartedMain] Starting ProjectW2Application using Java 11.0.11 on LAPTOP-Pratik with PID 1564 (F:\Project\online_wedding_planner_test\Project_W2\target\classes started by Pratik Suryawanshi in F:\Project\online_wedding_planner_test\Project_W2)
2022-04-01 21:29:34,511 [INFO] com.wedding.ProjectW2Application [restartedMain] No active profile set, falling back to default profiles: default
2022-04-01 21:29:35,030 [INFO] org.springframework.data.repository.config.RepositoryConfigurationDelegate [restartedMain] Bootstrapping Spring Data JPA repositories in DEFAULT mode.
2022-04-01 21:29:35,087 [INFO] org.springframework.data.repository.config.RepositoryConfigurationDelegate [restartedMain] Finished Spring Data repository scanning in 56 ms. Found 8 JPA repository interfaces.
2022-04-01 21:29:35,219 [INFO] org.springframework.context.support.PostProcessorRegistrationDelegate$BeanPostProcessorChecker [restartedMain] Bean 'credentialsProvider' of type [com.amazonaws.auth.AWSCredentialsProviderChain] is not eligible for getting processed by all BeanPostProcessors (for example: not eligible for auto-proxying)
2022-04-01 21:29:35,347 [INFO] org.springframework.boot.web.embedded.tomcat.TomcatWebServer [restartedMain] Tomcat initialized with port(s): 8080 (http)
2022-04-01 21:29:35,349 [INFO] org.apache.catalina.core.StandardService [restartedMain] Starting service [Tomcat]
2022-04-01 21:29:35,349 [INFO] org.apache.catalina.core.StandardEngine [restartedMain] Starting Servlet engine: [Apache Tomcat/9.0.56]
2022-04-01 21:29:35,408 [INFO] org.apache.catalina.core.ContainerBase.[Tomcat-9].[localhost].[/] [restartedMain] Initializing Spring embedded WebApplicationContext
2022-04-01 21:29:35,408 [INFO] org.springframework.boot.web.servlet.context.ServletWebServerApplicationContext [restartedMain] Root WebApplicationContext: initialization completed in 889 ms
2022-04-01 21:29:35,459 [INFO] com.zaxxer.hikari.HikariDataSource [restartedMain] HikariPool-20 - Starting...
2022-04-01 21:29:35,585 [INFO] com.zaxxer.hikari.HikariDataSource [restartedMain] HikariPool-20 - Start completed.
2022-04-01 21:29:35,595 [INFO] org.hibernate.jpa.internal.util.LogHelper [restartedMain] HHH000204: Processing PersistenceUnitInfo [name: default]
2022-04-01 21:29:35,606 [INFO] org.hibernate.dialect.Dialect [restartedMain] HHH000400: Using dialect: org.hibernate.dialect.MySQL8Dialect
2022-04-01 21:29:35,838 [INFO] org.hibernate.engine.transaction.jta.platform.internal.JtaPlatformInitiator [restartedMain] HHH000490: Using JtaPlatform implementation: [org.hibernate.engine.transaction.jta.platform.internal.NoJtaPlatform]
2022-04-01 21:29:35,839 [INFO] org.springframework.orm.jpa.LocalContainerEntityManagerFactoryBean [restartedMain] Initialized JPA EntityManagerFactory for persistence unit 'default'
2022-04-01 21:29:37,004 [INFO] org.springframework.boot.devtools.autoconfigure.OptionalLiveReloadServer [restartedMain] LiveReload server is running on port 35729
2022-04-01 21:29:37,027 [INFO] org.springframework.boot.web.embedded.tomcat.TomcatWebServer [restartedMain] Tomcat started on port(s): 8080 (http) with context path ''
2022-04-01 21:29:37,033 [INFO] com.wedding.ProjectW2Application [restartedMain] Started ProjectW2Application in 2.583 seconds (JVM running for 11794.18)
2022-04-01 21:29:37,035 [INFO] org.springframework.boot.devtools.autoconfigure.ConditionEvaluationDeltaLoggingListener [restartedMain] Condition evaluation unchanged
2022-04-01 21:29:46,205 [INFO] org.springframework.orm.jpa.LocalContainerEntityManagerFactoryBean [Thread-70] Closing JPA EntityManagerFactory for persistence unit 'default'
2022-04-01 21:29:46,207 [INFO] com.zaxxer.hikari.HikariDataSource [Thread-70] HikariPool-20 - Shutdown initiated...
2022-04-01 21:29:46,241 [INFO] com.zaxxer.hikari.HikariDataSource [Thread-70] HikariPool-20 - Shutdown completed.
2022-04-01 21:29:46,527 [INFO] com.wedding.ProjectW2Application [restartedMain] Starting ProjectW2Application using Java 11.0.11 on LAPTOP-Pratik with PID 1564 (F:\Project\online_wedding_planner_test\Project_W2\target\classes started by Pratik Suryawanshi in F:\Project\online_wedding_planner_test\Project_W2)
2022-04-01 21:29:46,528 [INFO] com.wedding.ProjectW2Application [restartedMain] No active profile set, falling back to default profiles: default
2022-04-01 21:29:46,984 [INFO] org.springframework.data.repository.config.RepositoryConfigurationDelegate [restartedMain] Bootstrapping Spring Data JPA repositories in DEFAULT mode.
2022-04-01 21:29:47,034 [INFO] org.springframework.data.repository.config.RepositoryConfigurationDelegate [restartedMain] Finished Spring Data repository scanning in 49 ms. Found 8 JPA repository interfaces.
2022-04-01 21:29:47,192 [INFO] org.springframework.context.support.PostProcessorRegistrationDelegate$BeanPostProcessorChecker [restartedMain] Bean 'credentialsProvider' of type [com.amazonaws.auth.AWSCredentialsProviderChain] is not eligible for getting processed by all BeanPostProcessors (for example: not eligible for auto-proxying)
2022-04-01 21:29:47,274 [INFO] org.springframework.boot.web.embedded.tomcat.TomcatWebServer [restartedMain] Tomcat initialized with port(s): 8080 (http)
2022-04-01 21:29:47,275 [INFO] org.apache.catalina.core.StandardService [restartedMain] Starting service [Tomcat]
2022-04-01 21:29:47,276 [INFO] org.apache.catalina.core.StandardEngine [restartedMain] Starting Servlet engine: [Apache Tomcat/9.0.56]
2022-04-01 21:29:47,322 [INFO] org.apache.catalina.core.ContainerBase.[Tomcat-9].[localhost].[/] [restartedMain] Initializing Spring embedded WebApplicationContext
2022-04-01 21:29:47,322 [INFO] org.springframework.boot.web.servlet.context.ServletWebServerApplicationContext [restartedMain] Root WebApplicationContext: initialization completed in 790 ms
2022-04-01 21:29:47,411 [INFO] com.zaxxer.hikari.HikariDataSource [restartedMain] HikariPool-21 - Starting...
2022-04-01 21:29:47,454 [INFO] com.zaxxer.hikari.HikariDataSource [restartedMain] HikariPool-21 - Start completed.
2022-04-01 21:29:47,462 [INFO] org.hibernate.jpa.internal.util.LogHelper [restartedMain] HHH000204: Processing PersistenceUnitInfo [name: default]
2022-04-01 21:29:47,477 [INFO] org.hibernate.dialect.Dialect [restartedMain] HHH000400: Using dialect: org.hibernate.dialect.MySQL8Dialect
2022-04-01 21:29:47,722 [INFO] org.hibernate.engine.transaction.jta.platform.internal.JtaPlatformInitiator [restartedMain] HHH000490: Using JtaPlatform implementation: [org.hibernate.engine.transaction.jta.platform.internal.NoJtaPlatform]
2022-04-01 21:29:47,722 [INFO] org.springframework.orm.jpa.LocalContainerEntityManagerFactoryBean [restartedMain] Initialized JPA EntityManagerFactory for persistence unit 'default'
2022-04-01 21:29:48,551 [INFO] org.springframework.boot.devtools.autoconfigure.OptionalLiveReloadServer [restartedMain] LiveReload server is running on port 35729
2022-04-01 21:29:48,570 [INFO] org.springframework.boot.web.embedded.tomcat.TomcatWebServer [restartedMain] Tomcat started on port(s): 8080 (http) with context path ''
2022-04-01 21:29:48,575 [INFO] com.wedding.ProjectW2Application [restartedMain] Started ProjectW2Application in 2.103 seconds (JVM running for 11805.722)
2022-04-01 21:29:48,577 [INFO] org.springframework.boot.devtools.autoconfigure.ConditionEvaluationDeltaLoggingListener [restartedMain] Condition evaluation unchanged
2022-04-01 21:31:31,218 [INFO] org.apache.catalina.core.ContainerBase.[Tomcat-9].[localhost].[/] [http-nio-8080-exec-1] Initializing Spring DispatcherServlet 'dispatcherServlet'
2022-04-01 21:31:31,222 [INFO] org.springframework.web.servlet.DispatcherServlet [http-nio-8080-exec-1] Initializing Servlet 'dispatcherServlet'
2022-04-01 21:31:31,225 [INFO] org.springframework.web.servlet.DispatcherServlet [http-nio-8080-exec-1] Completed initialization in 3 ms
